Starting open.mp server (1.4.0.2783) from commit 601de2e1c8da86ff7979821a82bce20568d547dc
Loading component Actors.dll
	Successfully loaded component Actors (1.4.0.2783) with UID c81ca021eae2ad5c
Loading component Checkpoints.dll
	Successfully loaded component Checkpoints (1.4.0.2783) with UID 44a937350d611dde
Loading component Classes.dll
	Successfully loaded component Classes (1.4.0.2783) with UID 8cfb3183976da208
Loading component Console.dll
	Successfully loaded component Console (1.4.0.2783) with UID bfa24e49d0c95ee4
Loading component CustomModels.dll
	Successfully loaded component CustomModels (1.4.0.2783) with UID 15e3cb1e7c77ffff
Loading component Databases.dll
	Successfully loaded component Databases (1.4.0.2783) with UID 80092e7eb5821a96
Loading component Dialogs.dll
	Successfully loaded component Dialogs (1.4.0.2783) with UID 44a111350d611dde
Loading component GangZones.dll
	Successfully loaded component GangZones (1.4.0.2783) with UID b3351d11ee8d8056
Loading component LegacyConfig.dll
	Successfully loaded component LegacyConfig (1.4.0.2783) with UID 24ef6216838f9ffc
Loading component LegacyNetwork.dll
	Successfully loaded component RakNetLegacyNetwork (1.4.0.2783) with UID ea9799fd79cf8442
Loading component Menus.dll
	Successfully loaded component Menus (1.4.0.2783) with UID 621e219eb97ee0b2
Loading component Objects.dll
	Successfully loaded component Objects (1.4.0.2783) with UID 59f8415f72da6160
Loading component Pawn.dll
	Successfully loaded component Pawn (1.4.0.2783) with UID 78906cd9f19c36a6
Loading component pawncmd.dll
	Successfully loaded component Pawn.CMD (0.3.4.0) with UID a03b47c907a96c29
Loading component pawnraknet.dll
	Successfully loaded component Pawn.RakNet (0.1.6.0) with UID 4a8b15c16d23e42f
Loading component Pickups.dll
	Successfully loaded component Pickups (1.4.0.2783) with UID cf304faa363dd971
Loading component Recordings.dll
	Successfully loaded component Recordings (1.4.0.2783) with UID 871144d399f5f613
Loading component sscanf.dll
	Successfully loaded component sscanf (2.13.8.0) with UID a1e7c01e55caa1f2
Loading component TextDraws.dll
	Successfully loaded component TextDraws (1.4.0.2783) with UID 9b5dc2b1d15c992a
Loading component TextLabels.dll
	Successfully loaded component TextLabels (1.4.0.2783) with UID a0c57ea80a009742
Loading component Timers.dll
	Successfully loaded component Timers (1.4.0.2783) with UID 2ad8124c5ea257a3
Loading component Variables.dll
	Successfully loaded component Variables (1.4.0.2783) with UID 75e121848bc01fa2
Loading component Vehicles.dll
	Successfully loaded component Vehicles (1.4.0.2783) with UID 3f1f62ee9e22ab19
Loaded 23 component(s) from E:\Althea Project\components
[2025-02-02T22:22:25+0700] [artwork:info] Loading artconfig.txt
[2025-02-02T22:22:25+0700] No bind address provided. Attempting to start webserver on 127.0.0.1:7777
[2025-02-02T22:22:26+0700] Web server is running on http://127.0.0.1:7777/
[2025-02-02T22:22:26+0700] 
[2025-02-02T22:22:26+0700]  ===============================
[2025-02-02T22:22:26+0700] 
[2025-02-02T22:22:26+0700]      sscanf component loaded.   
[2025-02-02T22:22:26+0700] 
[2025-02-02T22:22:26+0700]          Version: 2.13.8
[2025-02-02T22:22:26+0700] 
[2025-02-02T22:22:26+0700]    (c) 2022 Alex "Y_Less" Cole  
[2025-02-02T22:22:26+0700] 
[2025-02-02T22:22:26+0700]  ===============================
[2025-02-02T22:22:26+0700] 
[2025-02-02T22:22:26+0700] [Pawn.RakNet] plugin v1.6.0 loading...
[2025-02-02T22:22:26+0700] [Pawn.RakNet] 

    | Pawn.RakNet 1.6.0 | open.mp | 2016 - 2023
    |--------------------------------------------
    | Author and maintainer: katursis


    | Compiled: Feb 12 2023 at 16:51:14
    |--------------------------------------------------------------
    | Repository: https://github.com/katursis/Pawn.RakNet/tree/omp
    |--------------------------------------------------------------
    | Wiki: https://github.com/katursis/Pawn.RakNet/wiki

[2025-02-02T22:22:26+0700] [Pawn.CMD] plugin v3.4.0 loading...
[2025-02-02T22:22:26+0700] [Pawn.CMD] 

    | Pawn.CMD 3.4.0 | open.mp | 2016 - 2023
    |-----------------------------------------
    | Author and maintainer: katursis


    | Compiled: Feb 12 2023 at 17:25:09
    |----------------------------------------------------------
    | Repository: https://github.com/katursis/Pawn.CMD/tree/omp

[2025-02-02T22:22:26+0700] Loading plugin: crashdetect
[2025-02-02T22:22:26+0700]   CrashDetect plugin 4.19.4
[2025-02-02T22:22:26+0700] Loading plugin: mysql
[2025-02-02T22:22:26+0700]  >> plugin.mysql: R41-4 successfully loaded.
[2025-02-02T22:22:26+0700] Loading plugin: streamer
[2025-02-02T22:22:26+0700] 

*** Streamer Plugin v2.9.6 by Incognito loaded ***

[2025-02-02T22:22:26+0700] Loading plugin: samp_bcrypt
[2025-02-02T22:22:26+0700] [SampBcrypt] [info]: Version: 0.4.1
[2025-02-02T22:22:26+0700] Loading plugin: pawn-memory
[2025-02-02T22:22:26+0700] ========================
[2025-02-02T22:22:26+0700] = Memory access plugin =
[2025-02-02T22:22:26+0700] =       Made by BigETI =
[2025-02-02T22:22:26+0700] = Loaded!              =
[2025-02-02T22:22:26+0700] ========================
[2025-02-02T22:22:26+0700] AC-Black Diamond v2.1.0-omp has been loaded! Anticheat callbacks will now work properly
[2025-02-02T22:22:26+0700] --------------------------------------------------
[2025-02-02T22:22:26+0700] 	
[2025-02-02T22:22:26+0700] 	
[2025-02-02T22:22:26+0700] 	 AntyCheat 2.2 by Pevenaider loaded			 
[2025-02-02T22:22:26+0700] 	
[2025-02-02T22:22:26+0700] 	
[2025-02-02T22:22:26+0700] --------------------------------------------------
[2025-02-02T22:22:27+0700]  
[2025-02-02T22:22:27+0700]  
[2025-02-02T22:22:27+0700]          ==============================================================
[2025-02-02T22:22:27+0700]          |                                                            |
[2025-02-02T22:22:27+0700]          |                                                            |
[2025-02-02T22:22:27+0700]          |    YYYYYYY       YYYYYYY    SSSSSSSSSSSSSSS  IIIIIIIIII    |
[2025-02-02T22:22:27+0700]          |    Y:::::Y       Y:::::Y  SS:::::::::::::::S I::::::::I    |
[2025-02-02T22:22:27+0700]          |    Y:::::Y       Y:::::Y S:::::SSSSSS::::::S I::::::::I    |
[2025-02-02T22:22:27+0700]          |    Y::::::Y     Y::::::Y S:::::S     SSSSSSS II::::::II    |
[2025-02-02T22:22:27+0700]          |    YYY:::::Y   Y:::::YYY S:::::S               I::::I      |
[2025-02-02T22:22:27+0700]          |       Y:::::Y Y:::::Y    S:::::S               I::::I      |
[2025-02-02T22:22:27+0700]          |        Y:::::Y:::::Y      S::::SSSS            I::::I      |
[2025-02-02T22:22:27+0700]          |         Y:::::::::Y        SS::::::SSSSS       I::::I      |
[2025-02-02T22:22:27+0700]          |          Y:::::::Y           SSS::::::::SS     I::::I      |
[2025-02-02T22:22:27+0700]          |           Y:::::Y               SSSSSS::::S    I::::I      |
[2025-02-02T22:22:27+0700]          |           Y:::::Y                    S:::::S   I::::I      |
[2025-02-02T22:22:27+0700]          |           Y:::::Y                    S:::::S   I::::I      |
[2025-02-02T22:22:27+0700]          |           Y:::::Y        SSSSSSS     S:::::S II::::::II    |
[2025-02-02T22:22:27+0700]          |        YYYY:::::YYYY     S::::::SSSSSS:::::S I::::::::I    |
[2025-02-02T22:22:27+0700]          |        Y:::::::::::Y     S:::::::::::::::SS  I::::::::I    |
[2025-02-02T22:22:27+0700]          |        YYYYYYYYYYYYY      SSSSSSSSSSSSSSS    IIIIIIIIII    |
[2025-02-02T22:22:27+0700]          |                                                            |
[2025-02-02T22:22:27+0700]          |                                                            |
[2025-02-02T22:22:27+0700]          |                      (c) 2021 MPL v1.1                     |
[2025-02-02T22:22:27+0700]          |            Alex "Y_Less" Cole and contributors.            |
[2025-02-02T22:22:27+0700]          |                                                            |
[2025-02-02T22:22:27+0700]          |                                                            |
[2025-02-02T22:22:27+0700]          ==============================================================
[2025-02-02T22:22:28+0700]  
[2025-02-02T22:22:28+0700]  
[2025-02-02T22:22:28+0700]  ========================================== 
[2025-02-02T22:22:28+0700]  |                                        | 
[2025-02-02T22:22:28+0700]  |   Generating code, this may take a     | 
[2025-02-02T22:22:28+0700]  |  little bit of time.  Note that this   | 
[2025-02-02T22:22:28+0700]  |  code generation works best with the   | 
[2025-02-02T22:22:28+0700]  |     JIT plugin, which you are not      | 
[2025-02-02T22:22:28+0700]  |     currently using.  Get it here:     | 
[2025-02-02T22:22:28+0700]  |                                        | 
[2025-02-02T22:22:28+0700]  |       https://git.io/jit-plugin        | 
[2025-02-02T22:22:28+0700]  |                                        | 
[2025-02-02T22:22:28+0700]  |             Please wait...             | 
[2025-02-02T22:22:28+0700]  |                                        | 
[2025-02-02T22:22:28+0700]  |             Done in 104ms!             | 
[2025-02-02T22:22:28+0700]  |                                        | 
[2025-02-02T22:22:28+0700]  ========================================== 
[2025-02-02T22:22:28+0700]  |                                        | 
[2025-02-02T22:22:28+0700]  | Server:      open.mp 1.4.0.2783 (W)    | 
[2025-02-02T22:22:28+0700]  | Started:     02 Feb 2025 - 22:22:27    | 
[2025-02-02T22:22:28+0700]  |                                        | 
[2025-02-02T22:22:28+0700]  | Compiler:    3.10.11 (Windows)         | 
[2025-02-02T22:22:28+0700]  | Includes:    open.mp v037030           | 
[2025-02-02T22:22:28+0700]  | Codepage:    <none>                    | 
[2025-02-02T22:22:28+0700]  | Built:       02 Feb 2025 - 19:05:31    | 
[2025-02-02T22:22:28+0700]  |                                        | 
[2025-02-02T22:22:28+0700]  | YSI:         v05.10.0006               | 
[2025-02-02T22:22:28+0700]  | Master:      -1                        | 
[2025-02-02T22:22:28+0700]  |                                        | 
[2025-02-02T22:22:28+0700]  | JIT:         <none>                    | 
[2025-02-02T22:22:28+0700]  | Crashdetect: <warning>                 | 
[2025-02-02T22:22:28+0700]  |                                        | 
[2025-02-02T22:22:28+0700]  |   Crashdetect has been found, but may  | 
[2025-02-02T22:22:28+0700]  |   need updating.  Get the unofficial   | 
[2025-02-02T22:22:28+0700]  |           fixed release from:          | 
[2025-02-02T22:22:28+0700]  |                                        | 
[2025-02-02T22:22:28+0700]  |           github.com/Y-Less/           | 
[2025-02-02T22:22:28+0700]  |        samp-plugin-crashdetect/        | 
[2025-02-02T22:22:28+0700]  |                                        | 
[2025-02-02T22:22:28+0700]  |                                        | 
[2025-02-02T22:22:28+0700]  ========================================== 
[2025-02-02T22:22:28+0700]  
[2025-02-02T22:22:28+0700]  
[2025-02-02T22:22:28+0700] [ADM] Info: Load EVF v3.2.3 for SA:MP 0.3.7 by Abyss Morgan
[2025-02-02T22:22:44+0700] MySQL Connection Failed: Can't connect to MySQL server on 'localhost' (10061)

[2025-02-02T22:22:44+0700] MySQL Connection Failed: Can't connect to MySQL server on 'localhost' (10061)

[2025-02-02T22:22:44+0700] MySQL Connection Failed: Can't connect to MySQL server on 'localhost' (10061)

[2025-02-02T22:22:44+0700] Legacy Network started on port 7777
[2025-02-02T22:22:45+0700] Couldn't announce legacy network to open.mp list.
[2025-02-02T22:22:45+0700] 	 Status: 406
[2025-02-02T22:22:45+0700] 	 Message: {"error":"failed to query server: failed to read response: read udp 172.19.131.234:52656-\u003e103.176.94.251:7777: read: connection refused"}
[2025-02-02T22:22:45+0700] This won't affect the server's behaviour.
[2025-02-02T22:23:31+0700] [connection] incoming connection: 127.0.0.1:57913 id: 0
[2025-02-02T22:23:31+0700] [join] Akenno has joined the server (0:127.0.0.1)
[2025-02-02T22:23:55+0700] [part] Akenno has left the server (0:1)
[2025-02-02T22:23:59+0700] [Pawn.RakNet] plugin unloaded
[2025-02-02T22:23:59+0700] [Pawn.CMD] plugin unloaded
[2025-02-02T22:23:59+0700] [ADM] Info: Unload EVF v3.2.3 for SA:MP 0.3.7 by Abyss Morgan
[2025-02-02T22:23:59+0700] AC-Black Diamond has been unloaded! Anticheat callbacks will not work
[2025-02-02T22:23:59+0700] 

*** Streamer Plugin v2.9.6 by Incognito unloaded ***

[2025-02-02T22:23:59+0700] plugin.mysql: Unloading plugin...
Starting open.mp server (1.4.0.2783) from commit 601de2e1c8da86ff7979821a82bce20568d547dc
Loading component Actors.dll
	Successfully loaded component Actors (1.4.0.2783) with UID c81ca021eae2ad5c
Loading component Checkpoints.dll
	Successfully loaded component Checkpoints (1.4.0.2783) with UID 44a937350d611dde
Loading component Classes.dll
	Successfully loaded component Classes (1.4.0.2783) with UID 8cfb3183976da208
Loading component Console.dll
	Successfully loaded component Console (1.4.0.2783) with UID bfa24e49d0c95ee4
Loading component CustomModels.dll
	Successfully loaded component CustomModels (1.4.0.2783) with UID 15e3cb1e7c77ffff
Loading component Databases.dll
	Successfully loaded component Databases (1.4.0.2783) with UID 80092e7eb5821a96
Loading component Dialogs.dll
	Successfully loaded component Dialogs (1.4.0.2783) with UID 44a111350d611dde
Loading component GangZones.dll
	Successfully loaded component GangZones (1.4.0.2783) with UID b3351d11ee8d8056
Loading component LegacyConfig.dll
	Successfully loaded component LegacyConfig (1.4.0.2783) with UID 24ef6216838f9ffc
Loading component LegacyNetwork.dll
	Successfully loaded component RakNetLegacyNetwork (1.4.0.2783) with UID ea9799fd79cf8442
Loading component Menus.dll
	Successfully loaded component Menus (1.4.0.2783) with UID 621e219eb97ee0b2
Loading component Objects.dll
	Successfully loaded component Objects (1.4.0.2783) with UID 59f8415f72da6160
Loading component Pawn.dll
	Successfully loaded component Pawn (1.4.0.2783) with UID 78906cd9f19c36a6
Loading component pawncmd.dll
	Successfully loaded component Pawn.CMD (0.3.4.0) with UID a03b47c907a96c29
Loading component pawnraknet.dll
	Successfully loaded component Pawn.RakNet (0.1.6.0) with UID 4a8b15c16d23e42f
Loading component Pickups.dll
	Successfully loaded component Pickups (1.4.0.2783) with UID cf304faa363dd971
Loading component Recordings.dll
	Successfully loaded component Recordings (1.4.0.2783) with UID 871144d399f5f613
Loading component sscanf.dll
	Successfully loaded component sscanf (2.13.8.0) with UID a1e7c01e55caa1f2
Loading component TextDraws.dll
	Successfully loaded component TextDraws (1.4.0.2783) with UID 9b5dc2b1d15c992a
Loading component TextLabels.dll
	Successfully loaded component TextLabels (1.4.0.2783) with UID a0c57ea80a009742
Loading component Timers.dll
	Successfully loaded component Timers (1.4.0.2783) with UID 2ad8124c5ea257a3
Loading component Variables.dll
	Successfully loaded component Variables (1.4.0.2783) with UID 75e121848bc01fa2
Loading component Vehicles.dll
	Successfully loaded component Vehicles (1.4.0.2783) with UID 3f1f62ee9e22ab19
Loaded 23 component(s) from E:\Althea Project\components
[2025-02-16T13:42:00+0700] [artwork:info] Loading artconfig.txt
[2025-02-16T13:42:00+0700] No bind address provided. Attempting to start webserver on 127.0.0.1:7777
[2025-02-16T13:42:01+0700] Web server is running on http://127.0.0.1:7777/
[2025-02-16T13:42:01+0700] 
[2025-02-16T13:42:01+0700]  ===============================
[2025-02-16T13:42:01+0700] 
[2025-02-16T13:42:01+0700]      sscanf component loaded.   
[2025-02-16T13:42:01+0700] 
[2025-02-16T13:42:01+0700]          Version: 2.13.8
[2025-02-16T13:42:01+0700] 
[2025-02-16T13:42:01+0700]    (c) 2022 Alex "Y_Less" Cole  
[2025-02-16T13:42:01+0700] 
[2025-02-16T13:42:01+0700]  ===============================
[2025-02-16T13:42:01+0700] 
[2025-02-16T13:42:01+0700] [Pawn.RakNet] plugin v1.6.0 loading...
[2025-02-16T13:42:01+0700] [Pawn.RakNet] 

    | Pawn.RakNet 1.6.0 | open.mp | 2016 - 2023
    |--------------------------------------------
    | Author and maintainer: katursis


    | Compiled: Feb 12 2023 at 16:51:14
    |--------------------------------------------------------------
    | Repository: https://github.com/katursis/Pawn.RakNet/tree/omp
    |--------------------------------------------------------------
    | Wiki: https://github.com/katursis/Pawn.RakNet/wiki

[2025-02-16T13:42:01+0700] [Pawn.CMD] plugin v3.4.0 loading...
[2025-02-16T13:42:01+0700] [Pawn.CMD] 

    | Pawn.CMD 3.4.0 | open.mp | 2016 - 2023
    |-----------------------------------------
    | Author and maintainer: katursis


    | Compiled: Feb 12 2023 at 17:25:09
    |----------------------------------------------------------
    | Repository: https://github.com/katursis/Pawn.CMD/tree/omp

[2025-02-16T13:42:01+0700] Loading plugin: crashdetect
[2025-02-16T13:42:01+0700]   CrashDetect plugin 4.19.4
[2025-02-16T13:42:01+0700] Loading plugin: mysql
[2025-02-16T13:42:01+0700]  >> plugin.mysql: R41-4 successfully loaded.
[2025-02-16T13:42:01+0700] Loading plugin: streamer
[2025-02-16T13:42:01+0700] 

*** Streamer Plugin v2.9.6 by Incognito loaded ***

[2025-02-16T13:42:01+0700] Loading plugin: samp_bcrypt
[2025-02-16T13:42:01+0700] [SampBcrypt] [info]: Version: 0.4.1
[2025-02-16T13:42:01+0700] Loading plugin: pawn-memory
[2025-02-16T13:42:01+0700] ========================
[2025-02-16T13:42:01+0700] = Memory access plugin =
[2025-02-16T13:42:01+0700] =       Made by BigETI =
[2025-02-16T13:42:01+0700] = Loaded!              =
[2025-02-16T13:42:01+0700] ========================
[2025-02-16T13:42:02+0700] AC-Black Diamond v2.1.0-omp has been loaded! Anticheat callbacks will now work properly
[2025-02-16T13:42:02+0700] --------------------------------------------------
[2025-02-16T13:42:02+0700] 	
[2025-02-16T13:42:02+0700] 	
[2025-02-16T13:42:02+0700] 	 AntyCheat 2.2 by Pevenaider loaded			 
[2025-02-16T13:42:02+0700] 	
[2025-02-16T13:42:02+0700] 	
[2025-02-16T13:42:02+0700] --------------------------------------------------
[2025-02-16T13:42:04+0700]  
[2025-02-16T13:42:04+0700]  
[2025-02-16T13:42:04+0700]          ==============================================================
[2025-02-16T13:42:04+0700]          |                                                            |
[2025-02-16T13:42:04+0700]          |                                                            |
[2025-02-16T13:42:04+0700]          |    YYYYYYY       YYYYYYY    SSSSSSSSSSSSSSS  IIIIIIIIII    |
[2025-02-16T13:42:04+0700]          |    Y:::::Y       Y:::::Y  SS:::::::::::::::S I::::::::I    |
[2025-02-16T13:42:04+0700]          |    Y:::::Y       Y:::::Y S:::::SSSSSS::::::S I::::::::I    |
[2025-02-16T13:42:04+0700]          |    Y::::::Y     Y::::::Y S:::::S     SSSSSSS II::::::II    |
[2025-02-16T13:42:04+0700]          |    YYY:::::Y   Y:::::YYY S:::::S               I::::I      |
[2025-02-16T13:42:04+0700]          |       Y:::::Y Y:::::Y    S:::::S               I::::I      |
[2025-02-16T13:42:04+0700]          |        Y:::::Y:::::Y      S::::SSSS            I::::I      |
[2025-02-16T13:42:04+0700]          |         Y:::::::::Y        SS::::::SSSSS       I::::I      |
[2025-02-16T13:42:04+0700]          |          Y:::::::Y           SSS::::::::SS     I::::I      |
[2025-02-16T13:42:04+0700]          |           Y:::::Y               SSSSSS::::S    I::::I      |
[2025-02-16T13:42:04+0700]          |           Y:::::Y                    S:::::S   I::::I      |
[2025-02-16T13:42:04+0700]          |           Y:::::Y                    S:::::S   I::::I      |
[2025-02-16T13:42:04+0700]          |           Y:::::Y        SSSSSSS     S:::::S II::::::II    |
[2025-02-16T13:42:04+0700]          |        YYYY:::::YYYY     S::::::SSSSSS:::::S I::::::::I    |
[2025-02-16T13:42:04+0700]          |        Y:::::::::::Y     S:::::::::::::::SS  I::::::::I    |
[2025-02-16T13:42:04+0700]          |        YYYYYYYYYYYYY      SSSSSSSSSSSSSSS    IIIIIIIIII    |
[2025-02-16T13:42:04+0700]          |                                                            |
[2025-02-16T13:42:04+0700]          |                                                            |
[2025-02-16T13:42:04+0700]          |                      (c) 2021 MPL v1.1                     |
[2025-02-16T13:42:04+0700]          |            Alex "Y_Less" Cole and contributors.            |
[2025-02-16T13:42:04+0700]          |                                                            |
[2025-02-16T13:42:04+0700]          |                                                            |
[2025-02-16T13:42:04+0700]          ==============================================================
[2025-02-16T13:42:04+0700]  
[2025-02-16T13:42:04+0700]  
[2025-02-16T13:42:04+0700]  ========================================== 
[2025-02-16T13:42:04+0700]  |                                        | 
[2025-02-16T13:42:04+0700]  |   Generating code, this may take a     | 
[2025-02-16T13:42:04+0700]  |  little bit of time.  Note that this   | 
[2025-02-16T13:42:04+0700]  |  code generation works best with the   | 
[2025-02-16T13:42:04+0700]  |     JIT plugin, which you are not      | 
[2025-02-16T13:42:04+0700]  |     currently using.  Get it here:     | 
[2025-02-16T13:42:04+0700]  |                                        | 
[2025-02-16T13:42:04+0700]  |       https://git.io/jit-plugin        | 
[2025-02-16T13:42:04+0700]  |                                        | 
[2025-02-16T13:42:04+0700]  |             Please wait...             | 
[2025-02-16T13:42:04+0700]  |                                        | 
[2025-02-16T13:42:04+0700]  |             Done in 112ms!             | 
[2025-02-16T13:42:04+0700]  |                                        | 
[2025-02-16T13:42:04+0700]  ========================================== 
[2025-02-16T13:42:04+0700]  |                                        | 
[2025-02-16T13:42:04+0700]  | Server:      open.mp 1.4.0.2783 (W)    | 
[2025-02-16T13:42:04+0700]  | Started:     16 Feb 2025 - 13:42:03    | 
[2025-02-16T13:42:04+0700]  |                                        | 
[2025-02-16T13:42:04+0700]  | Compiler:    3.10.11 (Windows)         | 
[2025-02-16T13:42:04+0700]  | Includes:    open.mp v037030           | 
[2025-02-16T13:42:04+0700]  | Codepage:    <none>                    | 
[2025-02-16T13:42:04+0700]  | Built:       16 Feb 2025 - 13:40:13    | 
[2025-02-16T13:42:04+0700]  |                                        | 
[2025-02-16T13:42:04+0700]  | YSI:         v05.10.0006               | 
[2025-02-16T13:42:04+0700]  | Master:      -1                        | 
[2025-02-16T13:42:04+0700]  |                                        | 
[2025-02-16T13:42:04+0700]  | JIT:         <none>                    | 
[2025-02-16T13:42:04+0700]  | Crashdetect: <warning>                 | 
[2025-02-16T13:42:04+0700]  |                                        | 
[2025-02-16T13:42:04+0700]  |   Crashdetect has been found, but may  | 
[2025-02-16T13:42:04+0700]  |   need updating.  Get the unofficial   | 
[2025-02-16T13:42:04+0700]  |           fixed release from:          | 
[2025-02-16T13:42:04+0700]  |                                        | 
[2025-02-16T13:42:04+0700]  |           github.com/Y-Less/           | 
[2025-02-16T13:42:04+0700]  |        samp-plugin-crashdetect/        | 
[2025-02-16T13:42:04+0700]  |                                        | 
[2025-02-16T13:42:04+0700]  |                                        | 
[2025-02-16T13:42:04+0700]  ========================================== 
[2025-02-16T13:42:04+0700]  
[2025-02-16T13:42:04+0700]  
[2025-02-16T13:42:04+0700] [ADM] Info: Load EVF v3.2.3 for SA:MP 0.3.7 by Abyss Morgan
[2025-02-16T13:42:04+0700] MySQL Connection successfully estabilished
[2025-02-16T13:42:04+0700] MySQL Connection successfully estabilished
[2025-02-16T13:42:04+0700] MySQL Connection successfully estabilished
[2025-02-16T13:42:04+0700] Legacy Network started on port 7777
[2025-02-16T13:42:05+0700] Couldn't announce legacy network to open.mp list.
[2025-02-16T13:42:05+0700] 	 Status: 406
[2025-02-16T13:42:05+0700] 	 Message: {"error":"failed to query server: failed to read response: read udp 172.19.131.234:49834-\u003e103.176.94.251:7777: read: connection refused"}
[2025-02-16T13:42:05+0700] This won't affect the server's behaviour.
[2025-02-16T13:42:48+0700] [connection] incoming connection: 127.0.0.1:56284 id: 0
[2025-02-16T13:42:48+0700] [join] Akenno has joined the server (0:127.0.0.1)
[2025-02-16T13:43:21+0700] Insufficient specifiers given to `format`: "SELECT HbeMode FROM Players WHERE PlayerName='%e'" < 1
[2025-02-16T13:43:21+0700] [death] Alex_Wood died 255
[2025-02-16T13:43:25+0700] Insufficient specifiers given to `format`: "SELECT HbeMode FROM Players WHERE PlayerName='%e'" < 1
[2025-02-16T13:43:57+0700] [part] Alex_Wood has left the server (0:1)
[2025-02-16T13:45:53+0700] [Pawn.RakNet] plugin unloaded
[2025-02-16T13:45:53+0700] [Pawn.CMD] plugin unloaded
[2025-02-16T13:45:53+0700] [ADM] Info: Unload EVF v3.2.3 for SA:MP 0.3.7 by Abyss Morgan
[2025-02-16T13:45:53+0700] AC-Black Diamond has been unloaded! Anticheat callbacks will not work
[2025-02-16T13:45:53+0700] 

*** Streamer Plugin v2.9.6 by Incognito unloaded ***

[2025-02-16T13:45:53+0700] plugin.mysql: Unloading plugin...
Starting open.mp server (1.4.0.2783) from commit 601de2e1c8da86ff7979821a82bce20568d547dc
Loading component Actors.dll
	Successfully loaded component Actors (1.4.0.2783) with UID c81ca021eae2ad5c
Loading component Checkpoints.dll
	Successfully loaded component Checkpoints (1.4.0.2783) with UID 44a937350d611dde
Loading component Classes.dll
	Successfully loaded component Classes (1.4.0.2783) with UID 8cfb3183976da208
Loading component Console.dll
	Successfully loaded component Console (1.4.0.2783) with UID bfa24e49d0c95ee4
Loading component CustomModels.dll
	Successfully loaded component CustomModels (1.4.0.2783) with UID 15e3cb1e7c77ffff
Loading component Databases.dll
	Successfully loaded component Databases (1.4.0.2783) with UID 80092e7eb5821a96
Loading component Dialogs.dll
	Successfully loaded component Dialogs (1.4.0.2783) with UID 44a111350d611dde
Loading component GangZones.dll
	Successfully loaded component GangZones (1.4.0.2783) with UID b3351d11ee8d8056
Loading component LegacyConfig.dll
	Successfully loaded component LegacyConfig (1.4.0.2783) with UID 24ef6216838f9ffc
Loading component LegacyNetwork.dll
	Successfully loaded component RakNetLegacyNetwork (1.4.0.2783) with UID ea9799fd79cf8442
Loading component Menus.dll
	Successfully loaded component Menus (1.4.0.2783) with UID 621e219eb97ee0b2
Loading component Objects.dll
	Successfully loaded component Objects (1.4.0.2783) with UID 59f8415f72da6160
Loading component Pawn.dll
	Successfully loaded component Pawn (1.4.0.2783) with UID 78906cd9f19c36a6
Loading component pawncmd.dll
	Successfully loaded component Pawn.CMD (0.3.4.0) with UID a03b47c907a96c29
Loading component pawnraknet.dll
	Successfully loaded component Pawn.RakNet (0.1.6.0) with UID 4a8b15c16d23e42f
Loading component Pickups.dll
	Successfully loaded component Pickups (1.4.0.2783) with UID cf304faa363dd971
Loading component Recordings.dll
	Successfully loaded component Recordings (1.4.0.2783) with UID 871144d399f5f613
Loading component sscanf.dll
	Successfully loaded component sscanf (2.13.8.0) with UID a1e7c01e55caa1f2
Loading component TextDraws.dll
	Successfully loaded component TextDraws (1.4.0.2783) with UID 9b5dc2b1d15c992a
Loading component TextLabels.dll
	Successfully loaded component TextLabels (1.4.0.2783) with UID a0c57ea80a009742
Loading component Timers.dll
	Successfully loaded component Timers (1.4.0.2783) with UID 2ad8124c5ea257a3
Loading component Variables.dll
	Successfully loaded component Variables (1.4.0.2783) with UID 75e121848bc01fa2
Loading component Vehicles.dll
	Successfully loaded component Vehicles (1.4.0.2783) with UID 3f1f62ee9e22ab19
Loaded 23 component(s) from E:\Althea Project\components
[2025-02-16T13:49:44+0700] [artwork:info] Loading artconfig.txt
[2025-02-16T13:49:44+0700] No bind address provided. Attempting to start webserver on 127.0.0.1:7777
[2025-02-16T13:49:44+0700] Web server is running on http://127.0.0.1:7777/
[2025-02-16T13:49:44+0700] 
[2025-02-16T13:49:44+0700]  ===============================
[2025-02-16T13:49:44+0700] 
[2025-02-16T13:49:44+0700]      sscanf component loaded.   
[2025-02-16T13:49:44+0700] 
[2025-02-16T13:49:44+0700]          Version: 2.13.8
[2025-02-16T13:49:44+0700] 
[2025-02-16T13:49:44+0700]    (c) 2022 Alex "Y_Less" Cole  
[2025-02-16T13:49:44+0700] 
[2025-02-16T13:49:44+0700]  ===============================
[2025-02-16T13:49:44+0700] 
[2025-02-16T13:49:44+0700] [Pawn.RakNet] plugin v1.6.0 loading...
[2025-02-16T13:49:44+0700] [Pawn.RakNet] 

    | Pawn.RakNet 1.6.0 | open.mp | 2016 - 2023
    |--------------------------------------------
    | Author and maintainer: katursis


    | Compiled: Feb 12 2023 at 16:51:14
    |--------------------------------------------------------------
    | Repository: https://github.com/katursis/Pawn.RakNet/tree/omp
    |--------------------------------------------------------------
    | Wiki: https://github.com/katursis/Pawn.RakNet/wiki

[2025-02-16T13:49:44+0700] [Pawn.CMD] plugin v3.4.0 loading...
[2025-02-16T13:49:44+0700] [Pawn.CMD] 

    | Pawn.CMD 3.4.0 | open.mp | 2016 - 2023
    |-----------------------------------------
    | Author and maintainer: katursis


    | Compiled: Feb 12 2023 at 17:25:09
    |----------------------------------------------------------
    | Repository: https://github.com/katursis/Pawn.CMD/tree/omp

[2025-02-16T13:49:44+0700] Loading plugin: crashdetect
[2025-02-16T13:49:44+0700]   CrashDetect plugin 4.19.4
[2025-02-16T13:49:44+0700] Loading plugin: mysql
[2025-02-16T13:49:44+0700]  >> plugin.mysql: R41-4 successfully loaded.
[2025-02-16T13:49:44+0700] Loading plugin: streamer
[2025-02-16T13:49:44+0700] 

*** Streamer Plugin v2.9.6 by Incognito loaded ***

[2025-02-16T13:49:44+0700] Loading plugin: samp_bcrypt
[2025-02-16T13:49:44+0700] [SampBcrypt] [info]: Version: 0.4.1
[2025-02-16T13:49:44+0700] Loading plugin: pawn-memory
[2025-02-16T13:49:44+0700] ========================
[2025-02-16T13:49:44+0700] = Memory access plugin =
[2025-02-16T13:49:44+0700] =       Made by BigETI =
[2025-02-16T13:49:44+0700] = Loaded!              =
[2025-02-16T13:49:44+0700] ========================
[2025-02-16T13:49:46+0700] AC-Black Diamond v2.1.0-omp has been loaded! Anticheat callbacks will now work properly
[2025-02-16T13:49:46+0700] --------------------------------------------------
[2025-02-16T13:49:46+0700] 	
[2025-02-16T13:49:46+0700] 	
[2025-02-16T13:49:46+0700] 	 AntyCheat 2.2 by Pevenaider loaded			 
[2025-02-16T13:49:46+0700] 	
[2025-02-16T13:49:46+0700] 	
[2025-02-16T13:49:46+0700] --------------------------------------------------
[2025-02-16T13:49:48+0700]  
[2025-02-16T13:49:48+0700]  
[2025-02-16T13:49:48+0700]          ==============================================================
[2025-02-16T13:49:48+0700]          |                                                            |
[2025-02-16T13:49:48+0700]          |                                                            |
[2025-02-16T13:49:48+0700]          |    YYYYYYY       YYYYYYY    SSSSSSSSSSSSSSS  IIIIIIIIII    |
[2025-02-16T13:49:48+0700]          |    Y:::::Y       Y:::::Y  SS:::::::::::::::S I::::::::I    |
[2025-02-16T13:49:48+0700]          |    Y:::::Y       Y:::::Y S:::::SSSSSS::::::S I::::::::I    |
[2025-02-16T13:49:48+0700]          |    Y::::::Y     Y::::::Y S:::::S     SSSSSSS II::::::II    |
[2025-02-16T13:49:48+0700]          |    YYY:::::Y   Y:::::YYY S:::::S               I::::I      |
[2025-02-16T13:49:48+0700]          |       Y:::::Y Y:::::Y    S:::::S               I::::I      |
[2025-02-16T13:49:48+0700]          |        Y:::::Y:::::Y      S::::SSSS            I::::I      |
[2025-02-16T13:49:48+0700]          |         Y:::::::::Y        SS::::::SSSSS       I::::I      |
[2025-02-16T13:49:48+0700]          |          Y:::::::Y           SSS::::::::SS     I::::I      |
[2025-02-16T13:49:48+0700]          |           Y:::::Y               SSSSSS::::S    I::::I      |
[2025-02-16T13:49:48+0700]          |           Y:::::Y                    S:::::S   I::::I      |
[2025-02-16T13:49:48+0700]          |           Y:::::Y                    S:::::S   I::::I      |
[2025-02-16T13:49:48+0700]          |           Y:::::Y        SSSSSSS     S:::::S II::::::II    |
[2025-02-16T13:49:48+0700]          |        YYYY:::::YYYY     S::::::SSSSSS:::::S I::::::::I    |
[2025-02-16T13:49:48+0700]          |        Y:::::::::::Y     S:::::::::::::::SS  I::::::::I    |
[2025-02-16T13:49:48+0700]          |        YYYYYYYYYYYYY      SSSSSSSSSSSSSSS    IIIIIIIIII    |
[2025-02-16T13:49:48+0700]          |                                                            |
[2025-02-16T13:49:48+0700]          |                                                            |
[2025-02-16T13:49:48+0700]          |                      (c) 2021 MPL v1.1                     |
[2025-02-16T13:49:48+0700]          |            Alex "Y_Less" Cole and contributors.            |
[2025-02-16T13:49:48+0700]          |                                                            |
[2025-02-16T13:49:48+0700]          |                                                            |
[2025-02-16T13:49:48+0700]          ==============================================================
[2025-02-16T13:49:48+0700]  
[2025-02-16T13:49:48+0700]  
[2025-02-16T13:49:48+0700]  ========================================== 
[2025-02-16T13:49:48+0700]  |                                        | 
[2025-02-16T13:49:48+0700]  |   Generating code, this may take a     | 
[2025-02-16T13:49:48+0700]  |  little bit of time.  Note that this   | 
[2025-02-16T13:49:48+0700]  |  code generation works best with the   | 
[2025-02-16T13:49:48+0700]  |     JIT plugin, which you are not      | 
[2025-02-16T13:49:48+0700]  |     currently using.  Get it here:     | 
[2025-02-16T13:49:48+0700]  |                                        | 
[2025-02-16T13:49:48+0700]  |       https://git.io/jit-plugin        | 
[2025-02-16T13:49:48+0700]  |                                        | 
[2025-02-16T13:49:48+0700]  |             Please wait...             | 
[2025-02-16T13:49:48+0700]  |                                        | 
[2025-02-16T13:49:48+0700]  |             Done in 231ms!             | 
[2025-02-16T13:49:48+0700]  |                                        | 
[2025-02-16T13:49:48+0700]  ========================================== 
[2025-02-16T13:49:48+0700]  |                                        | 
[2025-02-16T13:49:48+0700]  | Server:      open.mp 1.4.0.2783 (W)    | 
[2025-02-16T13:49:48+0700]  | Started:     16 Feb 2025 - 13:49:48    | 
[2025-02-16T13:49:48+0700]  |                                        | 
[2025-02-16T13:49:48+0700]  | Compiler:    3.10.11 (Windows)         | 
[2025-02-16T13:49:48+0700]  | Includes:    open.mp v037030           | 
[2025-02-16T13:49:48+0700]  | Codepage:    <none>                    | 
[2025-02-16T13:49:48+0700]  | Built:       16 Feb 2025 - 13:49:28    | 
[2025-02-16T13:49:49+0700]  |                                        | 
[2025-02-16T13:49:49+0700]  | YSI:         v05.10.0006               | 
[2025-02-16T13:49:49+0700]  | Master:      -1                        | 
[2025-02-16T13:49:49+0700]  |                                        | 
[2025-02-16T13:49:49+0700]  | JIT:         <none>                    | 
[2025-02-16T13:49:49+0700]  | Crashdetect: <warning>                 | 
[2025-02-16T13:49:49+0700]  |                                        | 
[2025-02-16T13:49:49+0700]  |   Crashdetect has been found, but may  | 
[2025-02-16T13:49:49+0700]  |   need updating.  Get the unofficial   | 
[2025-02-16T13:49:49+0700]  |           fixed release from:          | 
[2025-02-16T13:49:49+0700]  |                                        | 
[2025-02-16T13:49:49+0700]  |           github.com/Y-Less/           | 
[2025-02-16T13:49:49+0700]  |        samp-plugin-crashdetect/        | 
[2025-02-16T13:49:49+0700]  |                                        | 
[2025-02-16T13:49:49+0700]  |                                        | 
[2025-02-16T13:49:49+0700]  ========================================== 
[2025-02-16T13:49:49+0700]  
[2025-02-16T13:49:49+0700]  
[2025-02-16T13:49:49+0700] [ADM] Info: Load EVF v3.2.3 for SA:MP 0.3.7 by Abyss Morgan
[2025-02-16T13:49:49+0700] MySQL Connection successfully estabilished
[2025-02-16T13:49:49+0700] Legacy Network started on port 7777
[2025-02-16T13:49:49+0700] Couldn't announce legacy network to open.mp list.
[2025-02-16T13:49:49+0700] 	 Status: 406
[2025-02-16T13:49:49+0700] 	 Message: {"error":"failed to query server: failed to read response: read udp 172.19.131.234:40926-\u003e103.176.94.251:7777: read: connection refused"}
[2025-02-16T13:49:49+0700] This won't affect the server's behaviour.
[2025-02-16T13:50:14+0700] [connection] incoming connection: 127.0.0.1:50472 id: 0
[2025-02-16T13:50:14+0700] [join] Akenno has joined the server (0:127.0.0.1)
[2025-02-16T13:50:30+0700] [death] Alex_Wood died 255
[2025-02-16T13:51:22+0700] [part] Alex_Wood has left the server (0:1)
[2025-02-16T13:51:28+0700] [Pawn.RakNet] plugin unloaded
[2025-02-16T13:51:28+0700] [Pawn.CMD] plugin unloaded
[2025-02-16T13:51:28+0700] [ADM] Info: Unload EVF v3.2.3 for SA:MP 0.3.7 by Abyss Morgan
[2025-02-16T13:51:28+0700] AC-Black Diamond has been unloaded! Anticheat callbacks will not work
[2025-02-16T13:51:28+0700] 

*** Streamer Plugin v2.9.6 by Incognito unloaded ***

[2025-02-16T13:51:28+0700] plugin.mysql: Unloading plugin...
Starting open.mp server (1.4.0.2783) from commit 601de2e1c8da86ff7979821a82bce20568d547dc
Loading component Actors.dll
	Successfully loaded component Actors (1.4.0.2783) with UID c81ca021eae2ad5c
Loading component Checkpoints.dll
	Successfully loaded component Checkpoints (1.4.0.2783) with UID 44a937350d611dde
Loading component Classes.dll
	Successfully loaded component Classes (1.4.0.2783) with UID 8cfb3183976da208
Loading component Console.dll
	Successfully loaded component Console (1.4.0.2783) with UID bfa24e49d0c95ee4
Loading component CustomModels.dll
	Successfully loaded component CustomModels (1.4.0.2783) with UID 15e3cb1e7c77ffff
Loading component Databases.dll
	Successfully loaded component Databases (1.4.0.2783) with UID 80092e7eb5821a96
Loading component Dialogs.dll
	Successfully loaded component Dialogs (1.4.0.2783) with UID 44a111350d611dde
Loading component GangZones.dll
	Successfully loaded component GangZones (1.4.0.2783) with UID b3351d11ee8d8056
Loading component LegacyConfig.dll
	Successfully loaded component LegacyConfig (1.4.0.2783) with UID 24ef6216838f9ffc
Loading component LegacyNetwork.dll
	Successfully loaded component RakNetLegacyNetwork (1.4.0.2783) with UID ea9799fd79cf8442
Loading component Menus.dll
	Successfully loaded component Menus (1.4.0.2783) with UID 621e219eb97ee0b2
Loading component Objects.dll
	Successfully loaded component Objects (1.4.0.2783) with UID 59f8415f72da6160
Loading component Pawn.dll
	Successfully loaded component Pawn (1.4.0.2783) with UID 78906cd9f19c36a6
Loading component pawncmd.dll
	Successfully loaded component Pawn.CMD (0.3.4.0) with UID a03b47c907a96c29
Loading component pawnraknet.dll
	Successfully loaded component Pawn.RakNet (0.1.6.0) with UID 4a8b15c16d23e42f
Loading component Pickups.dll
	Successfully loaded component Pickups (1.4.0.2783) with UID cf304faa363dd971
Loading component Recordings.dll
	Successfully loaded component Recordings (1.4.0.2783) with UID 871144d399f5f613
Loading component sscanf.dll
	Successfully loaded component sscanf (2.13.8.0) with UID a1e7c01e55caa1f2
Loading component TextDraws.dll
	Successfully loaded component TextDraws (1.4.0.2783) with UID 9b5dc2b1d15c992a
Loading component TextLabels.dll
	Successfully loaded component TextLabels (1.4.0.2783) with UID a0c57ea80a009742
Loading component Timers.dll
	Successfully loaded component Timers (1.4.0.2783) with UID 2ad8124c5ea257a3
Loading component Variables.dll
	Successfully loaded component Variables (1.4.0.2783) with UID 75e121848bc01fa2
Loading component Vehicles.dll
	Successfully loaded component Vehicles (1.4.0.2783) with UID 3f1f62ee9e22ab19
Loaded 23 component(s) from E:\Althea Project\components
[2025-02-16T14:03:46+0700] [artwork:info] Loading artconfig.txt
[2025-02-16T14:03:46+0700] No bind address provided. Attempting to start webserver on 127.0.0.1:7777
[2025-02-16T14:03:46+0700] Web server is running on http://127.0.0.1:7777/
[2025-02-16T14:03:46+0700] 
[2025-02-16T14:03:46+0700]  ===============================
[2025-02-16T14:03:46+0700] 
[2025-02-16T14:03:46+0700]      sscanf component loaded.   
[2025-02-16T14:03:46+0700] 
[2025-02-16T14:03:46+0700]          Version: 2.13.8
[2025-02-16T14:03:46+0700] 
[2025-02-16T14:03:46+0700]    (c) 2022 Alex "Y_Less" Cole  
[2025-02-16T14:03:46+0700] 
[2025-02-16T14:03:46+0700]  ===============================
[2025-02-16T14:03:46+0700] 
[2025-02-16T14:03:46+0700] [Pawn.RakNet] plugin v1.6.0 loading...
[2025-02-16T14:03:46+0700] [Pawn.RakNet] 

    | Pawn.RakNet 1.6.0 | open.mp | 2016 - 2023
    |--------------------------------------------
    | Author and maintainer: katursis


    | Compiled: Feb 12 2023 at 16:51:14
    |--------------------------------------------------------------
    | Repository: https://github.com/katursis/Pawn.RakNet/tree/omp
    |--------------------------------------------------------------
    | Wiki: https://github.com/katursis/Pawn.RakNet/wiki

[2025-02-16T14:03:46+0700] [Pawn.CMD] plugin v3.4.0 loading...
[2025-02-16T14:03:46+0700] [Pawn.CMD] 

    | Pawn.CMD 3.4.0 | open.mp | 2016 - 2023
    |-----------------------------------------
    | Author and maintainer: katursis


    | Compiled: Feb 12 2023 at 17:25:09
    |----------------------------------------------------------
    | Repository: https://github.com/katursis/Pawn.CMD/tree/omp

[2025-02-16T14:03:46+0700] Loading plugin: crashdetect
[2025-02-16T14:03:46+0700]   CrashDetect plugin 4.19.4
[2025-02-16T14:03:46+0700] Loading plugin: mysql
[2025-02-16T14:03:46+0700]  >> plugin.mysql: R41-4 successfully loaded.
[2025-02-16T14:03:46+0700] Loading plugin: streamer
[2025-02-16T14:03:46+0700] 

*** Streamer Plugin v2.9.6 by Incognito loaded ***

[2025-02-16T14:03:46+0700] Loading plugin: samp_bcrypt
[2025-02-16T14:03:46+0700] [SampBcrypt] [info]: Version: 0.4.1
[2025-02-16T14:03:46+0700] Loading plugin: pawn-memory
[2025-02-16T14:03:46+0700] ========================
[2025-02-16T14:03:46+0700] = Memory access plugin =
[2025-02-16T14:03:46+0700] =       Made by BigETI =
[2025-02-16T14:03:46+0700] = Loaded!              =
[2025-02-16T14:03:46+0700] ========================
[2025-02-16T14:03:47+0700] AC-Black Diamond v2.1.0-omp has been loaded! Anticheat callbacks will now work properly
[2025-02-16T14:03:47+0700] --------------------------------------------------
[2025-02-16T14:03:47+0700] 	
[2025-02-16T14:03:47+0700] 	
[2025-02-16T14:03:47+0700] 	 AntyCheat 2.2 by Pevenaider loaded			 
[2025-02-16T14:03:47+0700] 	
[2025-02-16T14:03:47+0700] 	
[2025-02-16T14:03:47+0700] --------------------------------------------------
[2025-02-16T14:03:49+0700]  
[2025-02-16T14:03:49+0700]  
[2025-02-16T14:03:49+0700]          ==============================================================
[2025-02-16T14:03:49+0700]          |                                                            |
[2025-02-16T14:03:49+0700]          |                                                            |
[2025-02-16T14:03:49+0700]          |    YYYYYYY       YYYYYYY    SSSSSSSSSSSSSSS  IIIIIIIIII    |
[2025-02-16T14:03:49+0700]          |    Y:::::Y       Y:::::Y  SS:::::::::::::::S I::::::::I    |
[2025-02-16T14:03:49+0700]          |    Y:::::Y       Y:::::Y S:::::SSSSSS::::::S I::::::::I    |
[2025-02-16T14:03:49+0700]          |    Y::::::Y     Y::::::Y S:::::S     SSSSSSS II::::::II    |
[2025-02-16T14:03:49+0700]          |    YYY:::::Y   Y:::::YYY S:::::S               I::::I      |
[2025-02-16T14:03:49+0700]          |       Y:::::Y Y:::::Y    S:::::S               I::::I      |
[2025-02-16T14:03:49+0700]          |        Y:::::Y:::::Y      S::::SSSS            I::::I      |
[2025-02-16T14:03:49+0700]          |         Y:::::::::Y        SS::::::SSSSS       I::::I      |
[2025-02-16T14:03:49+0700]          |          Y:::::::Y           SSS::::::::SS     I::::I      |
[2025-02-16T14:03:49+0700]          |           Y:::::Y               SSSSSS::::S    I::::I      |
[2025-02-16T14:03:49+0700]          |           Y:::::Y                    S:::::S   I::::I      |
[2025-02-16T14:03:49+0700]          |           Y:::::Y                    S:::::S   I::::I      |
[2025-02-16T14:03:49+0700]          |           Y:::::Y        SSSSSSS     S:::::S II::::::II    |
[2025-02-16T14:03:49+0700]          |        YYYY:::::YYYY     S::::::SSSSSS:::::S I::::::::I    |
[2025-02-16T14:03:49+0700]          |        Y:::::::::::Y     S:::::::::::::::SS  I::::::::I    |
[2025-02-16T14:03:49+0700]          |        YYYYYYYYYYYYY      SSSSSSSSSSSSSSS    IIIIIIIIII    |
[2025-02-16T14:03:49+0700]          |                                                            |
[2025-02-16T14:03:49+0700]          |                                                            |
[2025-02-16T14:03:49+0700]          |                      (c) 2021 MPL v1.1                     |
[2025-02-16T14:03:49+0700]          |            Alex "Y_Less" Cole and contributors.            |
[2025-02-16T14:03:49+0700]          |                                                            |
[2025-02-16T14:03:49+0700]          |                                                            |
[2025-02-16T14:03:49+0700]          ==============================================================
[2025-02-16T14:03:49+0700]  
[2025-02-16T14:03:49+0700]  
[2025-02-16T14:03:49+0700]  ========================================== 
[2025-02-16T14:03:49+0700]  |                                        | 
[2025-02-16T14:03:49+0700]  |   Generating code, this may take a     | 
[2025-02-16T14:03:49+0700]  |  little bit of time.  Note that this   | 
[2025-02-16T14:03:49+0700]  |  code generation works best with the   | 
[2025-02-16T14:03:49+0700]  |     JIT plugin, which you are not      | 
[2025-02-16T14:03:49+0700]  |     currently using.  Get it here:     | 
[2025-02-16T14:03:49+0700]  |                                        | 
[2025-02-16T14:03:49+0700]  |       https://git.io/jit-plugin        | 
[2025-02-16T14:03:49+0700]  |                                        | 
[2025-02-16T14:03:49+0700]  |             Please wait...             | 
[2025-02-16T14:03:50+0700]  |                                        | 
[2025-02-16T14:03:50+0700]  |             Done in 254ms!             | 
[2025-02-16T14:03:50+0700]  |                                        | 
[2025-02-16T14:03:50+0700]  ========================================== 
[2025-02-16T14:03:50+0700]  |                                        | 
[2025-02-16T14:03:50+0700]  | Server:      open.mp 1.4.0.2783 (W)    | 
[2025-02-16T14:03:50+0700]  | Started:     16 Feb 2025 - 14:03:49    | 
[2025-02-16T14:03:50+0700]  |                                        | 
[2025-02-16T14:03:50+0700]  | Compiler:    3.10.11 (Windows)         | 
[2025-02-16T14:03:50+0700]  | Includes:    open.mp v037030           | 
[2025-02-16T14:03:50+0700]  | Codepage:    <none>                    | 
[2025-02-16T14:03:50+0700]  | Built:       16 Feb 2025 - 14:03:31    | 
[2025-02-16T14:03:50+0700]  |                                        | 
[2025-02-16T14:03:50+0700]  | YSI:         v05.10.0006               | 
[2025-02-16T14:03:50+0700]  | Master:      -1                        | 
[2025-02-16T14:03:50+0700]  |                                        | 
[2025-02-16T14:03:50+0700]  | JIT:         <none>                    | 
[2025-02-16T14:03:50+0700]  | Crashdetect: <warning>                 | 
[2025-02-16T14:03:50+0700]  |                                        | 
[2025-02-16T14:03:50+0700]  |   Crashdetect has been found, but may  | 
[2025-02-16T14:03:50+0700]  |   need updating.  Get the unofficial   | 
[2025-02-16T14:03:50+0700]  |           fixed release from:          | 
[2025-02-16T14:03:50+0700]  |                                        | 
[2025-02-16T14:03:50+0700]  |           github.com/Y-Less/           | 
[2025-02-16T14:03:50+0700]  |        samp-plugin-crashdetect/        | 
[2025-02-16T14:03:50+0700]  |                                        | 
[2025-02-16T14:03:50+0700]  |                                        | 
[2025-02-16T14:03:50+0700]  ========================================== 
[2025-02-16T14:03:50+0700]  
[2025-02-16T14:03:50+0700]  
[2025-02-16T14:03:50+0700] [ADM] Info: Load EVF v3.2.3 for SA:MP 0.3.7 by Abyss Morgan
[2025-02-16T14:03:50+0700] MySQL Connection successfully estabilished
[2025-02-16T14:03:50+0700] Legacy Network started on port 7777
[2025-02-16T14:03:51+0700] Couldn't announce legacy network to open.mp list.
[2025-02-16T14:03:51+0700] 	 Status: 406
[2025-02-16T14:03:51+0700] 	 Message: {"error":"failed to query server: failed to read response: read udp 172.19.131.234:42681-\u003e103.176.94.251:7777: read: connection refused"}
[2025-02-16T14:03:51+0700] This won't affect the server's behaviour.
[2025-02-16T14:04:15+0700] [connection] incoming connection: 127.0.0.1:55490 id: 0
[2025-02-16T14:04:15+0700] [join] Akenno has joined the server (0:127.0.0.1)
[2025-02-16T14:06:41+0700] [part] Alex_Wood has left the server (0:1)
[2025-02-16T14:06:46+0700] [Pawn.RakNet] plugin unloaded
[2025-02-16T14:06:46+0700] [Pawn.CMD] plugin unloaded
[2025-02-16T14:06:46+0700] [ADM] Info: Unload EVF v3.2.3 for SA:MP 0.3.7 by Abyss Morgan
[2025-02-16T14:06:46+0700] AC-Black Diamond has been unloaded! Anticheat callbacks will not work
[2025-02-16T14:06:46+0700] 

*** Streamer Plugin v2.9.6 by Incognito unloaded ***

[2025-02-16T14:06:46+0700] plugin.mysql: Unloading plugin...
Starting open.mp server (1.4.0.2783) from commit 601de2e1c8da86ff7979821a82bce20568d547dc
Loading component Actors.dll
	Successfully loaded component Actors (1.4.0.2783) with UID c81ca021eae2ad5c
Loading component Checkpoints.dll
	Successfully loaded component Checkpoints (1.4.0.2783) with UID 44a937350d611dde
Loading component Classes.dll
	Successfully loaded component Classes (1.4.0.2783) with UID 8cfb3183976da208
Loading component Console.dll
	Successfully loaded component Console (1.4.0.2783) with UID bfa24e49d0c95ee4
Loading component CustomModels.dll
	Successfully loaded component CustomModels (1.4.0.2783) with UID 15e3cb1e7c77ffff
Loading component Databases.dll
	Successfully loaded component Databases (1.4.0.2783) with UID 80092e7eb5821a96
Loading component Dialogs.dll
	Successfully loaded component Dialogs (1.4.0.2783) with UID 44a111350d611dde
Loading component GangZones.dll
	Successfully loaded component GangZones (1.4.0.2783) with UID b3351d11ee8d8056
Loading component LegacyConfig.dll
	Successfully loaded component LegacyConfig (1.4.0.2783) with UID 24ef6216838f9ffc
Loading component LegacyNetwork.dll
	Successfully loaded component RakNetLegacyNetwork (1.4.0.2783) with UID ea9799fd79cf8442
Loading component Menus.dll
	Successfully loaded component Menus (1.4.0.2783) with UID 621e219eb97ee0b2
Loading component Objects.dll
	Successfully loaded component Objects (1.4.0.2783) with UID 59f8415f72da6160
Loading component Pawn.dll
	Successfully loaded component Pawn (1.4.0.2783) with UID 78906cd9f19c36a6
Loading component pawncmd.dll
	Successfully loaded component Pawn.CMD (0.3.4.0) with UID a03b47c907a96c29
Loading component pawnraknet.dll
	Successfully loaded component Pawn.RakNet (0.1.6.0) with UID 4a8b15c16d23e42f
Loading component Pickups.dll
	Successfully loaded component Pickups (1.4.0.2783) with UID cf304faa363dd971
Loading component Recordings.dll
	Successfully loaded component Recordings (1.4.0.2783) with UID 871144d399f5f613
Loading component sscanf.dll
	Successfully loaded component sscanf (2.13.8.0) with UID a1e7c01e55caa1f2
Loading component TextDraws.dll
	Successfully loaded component TextDraws (1.4.0.2783) with UID 9b5dc2b1d15c992a
Loading component TextLabels.dll
	Successfully loaded component TextLabels (1.4.0.2783) with UID a0c57ea80a009742
Loading component Timers.dll
	Successfully loaded component Timers (1.4.0.2783) with UID 2ad8124c5ea257a3
Loading component Variables.dll
	Successfully loaded component Variables (1.4.0.2783) with UID 75e121848bc01fa2
Loading component Vehicles.dll
	Successfully loaded component Vehicles (1.4.0.2783) with UID 3f1f62ee9e22ab19
Loaded 23 component(s) from E:\Althea Project\components
[2025-02-16T14:50:49+0700] [artwork:info] Loading artconfig.txt
[2025-02-16T14:50:49+0700] No bind address provided. Attempting to start webserver on 127.0.0.1:7777
[2025-02-16T14:50:49+0700] Web server is running on http://127.0.0.1:7777/
[2025-02-16T14:50:49+0700] 
[2025-02-16T14:50:49+0700]  ===============================
[2025-02-16T14:50:49+0700] 
[2025-02-16T14:50:49+0700]      sscanf component loaded.   
[2025-02-16T14:50:49+0700] 
[2025-02-16T14:50:49+0700]          Version: 2.13.8
[2025-02-16T14:50:49+0700] 
[2025-02-16T14:50:49+0700]    (c) 2022 Alex "Y_Less" Cole  
[2025-02-16T14:50:49+0700] 
[2025-02-16T14:50:49+0700]  ===============================
[2025-02-16T14:50:49+0700] 
[2025-02-16T14:50:49+0700] [Pawn.RakNet] plugin v1.6.0 loading...
[2025-02-16T14:50:49+0700] [Pawn.RakNet] 

    | Pawn.RakNet 1.6.0 | open.mp | 2016 - 2023
    |--------------------------------------------
    | Author and maintainer: katursis


    | Compiled: Feb 12 2023 at 16:51:14
    |--------------------------------------------------------------
    | Repository: https://github.com/katursis/Pawn.RakNet/tree/omp
    |--------------------------------------------------------------
    | Wiki: https://github.com/katursis/Pawn.RakNet/wiki

[2025-02-16T14:50:49+0700] [Pawn.CMD] plugin v3.4.0 loading...
[2025-02-16T14:50:49+0700] [Pawn.CMD] 

    | Pawn.CMD 3.4.0 | open.mp | 2016 - 2023
    |-----------------------------------------
    | Author and maintainer: katursis


    | Compiled: Feb 12 2023 at 17:25:09
    |----------------------------------------------------------
    | Repository: https://github.com/katursis/Pawn.CMD/tree/omp

[2025-02-16T14:50:49+0700] Loading plugin: crashdetect
[2025-02-16T14:50:49+0700]   CrashDetect plugin 4.19.4
[2025-02-16T14:50:49+0700] Loading plugin: mysql
[2025-02-16T14:50:49+0700]  >> plugin.mysql: R41-4 successfully loaded.
[2025-02-16T14:50:49+0700] Loading plugin: streamer
[2025-02-16T14:50:49+0700] 

*** Streamer Plugin v2.9.6 by Incognito loaded ***

[2025-02-16T14:50:49+0700] Loading plugin: samp_bcrypt
[2025-02-16T14:50:49+0700] [SampBcrypt] [info]: Version: 0.4.1
[2025-02-16T14:50:49+0700] Loading plugin: pawn-memory
[2025-02-16T14:50:49+0700] ========================
[2025-02-16T14:50:49+0700] = Memory access plugin =
[2025-02-16T14:50:49+0700] =       Made by BigETI =
[2025-02-16T14:50:49+0700] = Loaded!              =
[2025-02-16T14:50:49+0700] ========================
[2025-02-16T14:50:50+0700] AC-Black Diamond v2.1.0-omp has been loaded! Anticheat callbacks will now work properly
[2025-02-16T14:50:50+0700] --------------------------------------------------
[2025-02-16T14:50:50+0700] 	
[2025-02-16T14:50:50+0700] 	
[2025-02-16T14:50:50+0700] 	 AntyCheat 2.2 by Pevenaider loaded			 
[2025-02-16T14:50:50+0700] 	
[2025-02-16T14:50:50+0700] 	
[2025-02-16T14:50:50+0700] --------------------------------------------------
[2025-02-16T14:50:52+0700]  
[2025-02-16T14:50:52+0700]  
[2025-02-16T14:50:52+0700]          ==============================================================
[2025-02-16T14:50:52+0700]          |                                                            |
[2025-02-16T14:50:52+0700]          |                                                            |
[2025-02-16T14:50:52+0700]          |    YYYYYYY       YYYYYYY    SSSSSSSSSSSSSSS  IIIIIIIIII    |
[2025-02-16T14:50:52+0700]          |    Y:::::Y       Y:::::Y  SS:::::::::::::::S I::::::::I    |
[2025-02-16T14:50:52+0700]          |    Y:::::Y       Y:::::Y S:::::SSSSSS::::::S I::::::::I    |
[2025-02-16T14:50:52+0700]          |    Y::::::Y     Y::::::Y S:::::S     SSSSSSS II::::::II    |
[2025-02-16T14:50:52+0700]          |    YYY:::::Y   Y:::::YYY S:::::S               I::::I      |
[2025-02-16T14:50:52+0700]          |       Y:::::Y Y:::::Y    S:::::S               I::::I      |
[2025-02-16T14:50:52+0700]          |        Y:::::Y:::::Y      S::::SSSS            I::::I      |
[2025-02-16T14:50:52+0700]          |         Y:::::::::Y        SS::::::SSSSS       I::::I      |
[2025-02-16T14:50:52+0700]          |          Y:::::::Y           SSS::::::::SS     I::::I      |
[2025-02-16T14:50:52+0700]          |           Y:::::Y               SSSSSS::::S    I::::I      |
[2025-02-16T14:50:52+0700]          |           Y:::::Y                    S:::::S   I::::I      |
[2025-02-16T14:50:52+0700]          |           Y:::::Y                    S:::::S   I::::I      |
[2025-02-16T14:50:52+0700]          |           Y:::::Y        SSSSSSS     S:::::S II::::::II    |
[2025-02-16T14:50:52+0700]          |        YYYY:::::YYYY     S::::::SSSSSS:::::S I::::::::I    |
[2025-02-16T14:50:52+0700]          |        Y:::::::::::Y     S:::::::::::::::SS  I::::::::I    |
[2025-02-16T14:50:52+0700]          |        YYYYYYYYYYYYY      SSSSSSSSSSSSSSS    IIIIIIIIII    |
[2025-02-16T14:50:52+0700]          |                                                            |
[2025-02-16T14:50:52+0700]          |                                                            |
[2025-02-16T14:50:52+0700]          |                      (c) 2021 MPL v1.1                     |
[2025-02-16T14:50:52+0700]          |            Alex "Y_Less" Cole and contributors.            |
[2025-02-16T14:50:52+0700]          |                                                            |
[2025-02-16T14:50:52+0700]          |                                                            |
[2025-02-16T14:50:52+0700]          ==============================================================
[2025-02-16T14:50:52+0700]  
[2025-02-16T14:50:52+0700]  
[2025-02-16T14:50:52+0700]  ========================================== 
[2025-02-16T14:50:52+0700]  |                                        | 
[2025-02-16T14:50:52+0700]  |   Generating code, this may take a     | 
[2025-02-16T14:50:52+0700]  |  little bit of time.  Note that this   | 
[2025-02-16T14:50:52+0700]  |  code generation works best with the   | 
[2025-02-16T14:50:52+0700]  |     JIT plugin, which you are not      | 
[2025-02-16T14:50:52+0700]  |     currently using.  Get it here:     | 
[2025-02-16T14:50:52+0700]  |                                        | 
[2025-02-16T14:50:52+0700]  |       https://git.io/jit-plugin        | 
[2025-02-16T14:50:52+0700]  |                                        | 
[2025-02-16T14:50:52+0700]  |             Please wait...             | 
[2025-02-16T14:50:52+0700]  |                                        | 
[2025-02-16T14:50:52+0700]  |             Done in 100ms!             | 
[2025-02-16T14:50:52+0700]  |                                        | 
[2025-02-16T14:50:52+0700]  ========================================== 
[2025-02-16T14:50:52+0700]  |                                        | 
[2025-02-16T14:50:52+0700]  | Server:      open.mp 1.4.0.2783 (W)    | 
[2025-02-16T14:50:52+0700]  | Started:     16 Feb 2025 - 14:50:52    | 
[2025-02-16T14:50:52+0700]  |                                        | 
[2025-02-16T14:50:52+0700]  | Compiler:    3.10.11 (Windows)         | 
[2025-02-16T14:50:52+0700]  | Includes:    open.mp v037030           | 
[2025-02-16T14:50:52+0700]  | Codepage:    <none>                    | 
[2025-02-16T14:50:52+0700]  | Built:       16 Feb 2025 - 14:50:17    | 
[2025-02-16T14:50:52+0700]  |                                        | 
[2025-02-16T14:50:52+0700]  | YSI:         v05.10.0006               | 
[2025-02-16T14:50:52+0700]  | Master:      -1                        | 
[2025-02-16T14:50:52+0700]  |                                        | 
[2025-02-16T14:50:52+0700]  | JIT:         <none>                    | 
[2025-02-16T14:50:52+0700]  | Crashdetect: <warning>                 | 
[2025-02-16T14:50:52+0700]  |                                        | 
[2025-02-16T14:50:52+0700]  |   Crashdetect has been found, but may  | 
[2025-02-16T14:50:52+0700]  |   need updating.  Get the unofficial   | 
[2025-02-16T14:50:52+0700]  |           fixed release from:          | 
[2025-02-16T14:50:52+0700]  |                                        | 
[2025-02-16T14:50:52+0700]  |           github.com/Y-Less/           | 
[2025-02-16T14:50:52+0700]  |        samp-plugin-crashdetect/        | 
[2025-02-16T14:50:52+0700]  |                                        | 
[2025-02-16T14:50:52+0700]  |                                        | 
[2025-02-16T14:50:52+0700]  ========================================== 
[2025-02-16T14:50:52+0700]  
[2025-02-16T14:50:52+0700]  
[2025-02-16T14:50:52+0700] [ADM] Info: Load EVF v3.2.3 for SA:MP 0.3.7 by Abyss Morgan
[2025-02-16T14:50:52+0700] MySQL Connection successfully estabilished
[2025-02-16T14:50:52+0700] Legacy Network started on port 7777
[2025-02-16T14:50:53+0700] Couldn't announce legacy network to open.mp list.
[2025-02-16T14:50:53+0700] 	 Status: 406
[2025-02-16T14:50:53+0700] 	 Message: {"error":"failed to query server: failed to read response: read udp 172.19.131.234:40327-\u003e103.176.94.251:7777: read: connection refused"}
[2025-02-16T14:50:53+0700] This won't affect the server's behaviour.
[2025-02-16T14:51:15+0700] [connection] incoming connection: 127.0.0.1:54913 id: 0
[2025-02-16T14:51:15+0700] [join] Akenno has joined the server (0:127.0.0.1)
[2025-02-16T14:52:32+0700] [part] Alex_Wood has left the server (0:1)
[2025-02-16T14:52:40+0700] [Pawn.RakNet] plugin unloaded
[2025-02-16T14:52:40+0700] [Pawn.CMD] plugin unloaded
[2025-02-16T14:52:40+0700] [ADM] Info: Unload EVF v3.2.3 for SA:MP 0.3.7 by Abyss Morgan
[2025-02-16T14:52:40+0700] AC-Black Diamond has been unloaded! Anticheat callbacks will not work
[2025-02-16T14:52:40+0700] 

*** Streamer Plugin v2.9.6 by Incognito unloaded ***

[2025-02-16T14:52:40+0700] plugin.mysql: Unloading plugin...
Starting open.mp server (1.4.0.2783) from commit 601de2e1c8da86ff7979821a82bce20568d547dc
Loading component Actors.dll
	Successfully loaded component Actors (1.4.0.2783) with UID c81ca021eae2ad5c
Loading component Checkpoints.dll
	Successfully loaded component Checkpoints (1.4.0.2783) with UID 44a937350d611dde
Loading component Classes.dll
	Successfully loaded component Classes (1.4.0.2783) with UID 8cfb3183976da208
Loading component Console.dll
	Successfully loaded component Console (1.4.0.2783) with UID bfa24e49d0c95ee4
Loading component CustomModels.dll
	Successfully loaded component CustomModels (1.4.0.2783) with UID 15e3cb1e7c77ffff
Loading component Databases.dll
	Successfully loaded component Databases (1.4.0.2783) with UID 80092e7eb5821a96
Loading component Dialogs.dll
	Successfully loaded component Dialogs (1.4.0.2783) with UID 44a111350d611dde
Loading component GangZones.dll
	Successfully loaded component GangZones (1.4.0.2783) with UID b3351d11ee8d8056
Loading component LegacyConfig.dll
	Successfully loaded component LegacyConfig (1.4.0.2783) with UID 24ef6216838f9ffc
Loading component LegacyNetwork.dll
	Successfully loaded component RakNetLegacyNetwork (1.4.0.2783) with UID ea9799fd79cf8442
Loading component Menus.dll
	Successfully loaded component Menus (1.4.0.2783) with UID 621e219eb97ee0b2
Loading component Objects.dll
	Successfully loaded component Objects (1.4.0.2783) with UID 59f8415f72da6160
Loading component Pawn.dll
	Successfully loaded component Pawn (1.4.0.2783) with UID 78906cd9f19c36a6
Loading component pawncmd.dll
	Successfully loaded component Pawn.CMD (0.3.4.0) with UID a03b47c907a96c29
Loading component pawnraknet.dll
	Successfully loaded component Pawn.RakNet (0.1.6.0) with UID 4a8b15c16d23e42f
Loading component Pickups.dll
	Successfully loaded component Pickups (1.4.0.2783) with UID cf304faa363dd971
Loading component Recordings.dll
	Successfully loaded component Recordings (1.4.0.2783) with UID 871144d399f5f613
Loading component sscanf.dll
	Successfully loaded component sscanf (2.13.8.0) with UID a1e7c01e55caa1f2
Loading component TextDraws.dll
	Successfully loaded component TextDraws (1.4.0.2783) with UID 9b5dc2b1d15c992a
Loading component TextLabels.dll
	Successfully loaded component TextLabels (1.4.0.2783) with UID a0c57ea80a009742
Loading component Timers.dll
	Successfully loaded component Timers (1.4.0.2783) with UID 2ad8124c5ea257a3
Loading component Variables.dll
	Successfully loaded component Variables (1.4.0.2783) with UID 75e121848bc01fa2
Loading component Vehicles.dll
	Successfully loaded component Vehicles (1.4.0.2783) with UID 3f1f62ee9e22ab19
Loaded 23 component(s) from E:\Althea Project\components
[2025-02-16T15:04:02+0700] [artwork:info] Loading artconfig.txt
[2025-02-16T15:04:02+0700] No bind address provided. Attempting to start webserver on 127.0.0.1:7777
[2025-02-16T15:04:03+0700] Web server is running on http://127.0.0.1:7777/
[2025-02-16T15:04:03+0700] 
[2025-02-16T15:04:03+0700]  ===============================
[2025-02-16T15:04:03+0700] 
[2025-02-16T15:04:03+0700]      sscanf component loaded.   
[2025-02-16T15:04:03+0700] 
[2025-02-16T15:04:03+0700]          Version: 2.13.8
[2025-02-16T15:04:03+0700] 
[2025-02-16T15:04:03+0700]    (c) 2022 Alex "Y_Less" Cole  
[2025-02-16T15:04:03+0700] 
[2025-02-16T15:04:03+0700]  ===============================
[2025-02-16T15:04:03+0700] 
[2025-02-16T15:04:03+0700] [Pawn.RakNet] plugin v1.6.0 loading...
[2025-02-16T15:04:03+0700] [Pawn.RakNet] 

    | Pawn.RakNet 1.6.0 | open.mp | 2016 - 2023
    |--------------------------------------------
    | Author and maintainer: katursis


    | Compiled: Feb 12 2023 at 16:51:14
    |--------------------------------------------------------------
    | Repository: https://github.com/katursis/Pawn.RakNet/tree/omp
    |--------------------------------------------------------------
    | Wiki: https://github.com/katursis/Pawn.RakNet/wiki

[2025-02-16T15:04:03+0700] [Pawn.CMD] plugin v3.4.0 loading...
[2025-02-16T15:04:03+0700] [Pawn.CMD] 

    | Pawn.CMD 3.4.0 | open.mp | 2016 - 2023
    |-----------------------------------------
    | Author and maintainer: katursis


    | Compiled: Feb 12 2023 at 17:25:09
    |----------------------------------------------------------
    | Repository: https://github.com/katursis/Pawn.CMD/tree/omp

[2025-02-16T15:04:03+0700] Loading plugin: crashdetect
[2025-02-16T15:04:03+0700]   CrashDetect plugin 4.19.4
[2025-02-16T15:04:03+0700] Loading plugin: mysql
[2025-02-16T15:04:03+0700]  >> plugin.mysql: R41-4 successfully loaded.
[2025-02-16T15:04:03+0700] Loading plugin: streamer
[2025-02-16T15:04:03+0700] 

*** Streamer Plugin v2.9.6 by Incognito loaded ***

[2025-02-16T15:04:03+0700] Loading plugin: samp_bcrypt
[2025-02-16T15:04:03+0700] [SampBcrypt] [info]: Version: 0.4.1
[2025-02-16T15:04:03+0700] Loading plugin: pawn-memory
[2025-02-16T15:04:03+0700] ========================
[2025-02-16T15:04:03+0700] = Memory access plugin =
[2025-02-16T15:04:03+0700] =       Made by BigETI =
[2025-02-16T15:04:03+0700] = Loaded!              =
[2025-02-16T15:04:03+0700] ========================
[2025-02-16T15:04:04+0700] AC-Black Diamond v2.1.0-omp has been loaded! Anticheat callbacks will now work properly
[2025-02-16T15:04:04+0700] --------------------------------------------------
[2025-02-16T15:04:04+0700] 	
[2025-02-16T15:04:04+0700] 	
[2025-02-16T15:04:04+0700] 	 AntyCheat 2.2 by Pevenaider loaded			 
[2025-02-16T15:04:04+0700] 	
[2025-02-16T15:04:04+0700] 	
[2025-02-16T15:04:04+0700] --------------------------------------------------
[2025-02-16T15:04:05+0700]  
[2025-02-16T15:04:05+0700]  
[2025-02-16T15:04:05+0700]          ==============================================================
[2025-02-16T15:04:05+0700]          |                                                            |
[2025-02-16T15:04:05+0700]          |                                                            |
[2025-02-16T15:04:05+0700]          |    YYYYYYY       YYYYYYY    SSSSSSSSSSSSSSS  IIIIIIIIII    |
[2025-02-16T15:04:05+0700]          |    Y:::::Y       Y:::::Y  SS:::::::::::::::S I::::::::I    |
[2025-02-16T15:04:05+0700]          |    Y:::::Y       Y:::::Y S:::::SSSSSS::::::S I::::::::I    |
[2025-02-16T15:04:05+0700]          |    Y::::::Y     Y::::::Y S:::::S     SSSSSSS II::::::II    |
[2025-02-16T15:04:05+0700]          |    YYY:::::Y   Y:::::YYY S:::::S               I::::I      |
[2025-02-16T15:04:05+0700]          |       Y:::::Y Y:::::Y    S:::::S               I::::I      |
[2025-02-16T15:04:05+0700]          |        Y:::::Y:::::Y      S::::SSSS            I::::I      |
[2025-02-16T15:04:05+0700]          |         Y:::::::::Y        SS::::::SSSSS       I::::I      |
[2025-02-16T15:04:05+0700]          |          Y:::::::Y           SSS::::::::SS     I::::I      |
[2025-02-16T15:04:05+0700]          |           Y:::::Y               SSSSSS::::S    I::::I      |
[2025-02-16T15:04:05+0700]          |           Y:::::Y                    S:::::S   I::::I      |
[2025-02-16T15:04:05+0700]          |           Y:::::Y                    S:::::S   I::::I      |
[2025-02-16T15:04:05+0700]          |           Y:::::Y        SSSSSSS     S:::::S II::::::II    |
[2025-02-16T15:04:05+0700]          |        YYYY:::::YYYY     S::::::SSSSSS:::::S I::::::::I    |
[2025-02-16T15:04:05+0700]          |        Y:::::::::::Y     S:::::::::::::::SS  I::::::::I    |
[2025-02-16T15:04:05+0700]          |        YYYYYYYYYYYYY      SSSSSSSSSSSSSSS    IIIIIIIIII    |
[2025-02-16T15:04:05+0700]          |                                                            |
[2025-02-16T15:04:05+0700]          |                                                            |
[2025-02-16T15:04:05+0700]          |                      (c) 2021 MPL v1.1                     |
[2025-02-16T15:04:05+0700]          |            Alex "Y_Less" Cole and contributors.            |
[2025-02-16T15:04:05+0700]          |                                                            |
[2025-02-16T15:04:05+0700]          |                                                            |
[2025-02-16T15:04:05+0700]          ==============================================================
[2025-02-16T15:04:05+0700]  
[2025-02-16T15:04:05+0700]  
[2025-02-16T15:04:05+0700]  ========================================== 
[2025-02-16T15:04:05+0700]  |                                        | 
[2025-02-16T15:04:05+0700]  |   Generating code, this may take a     | 
[2025-02-16T15:04:05+0700]  |  little bit of time.  Note that this   | 
[2025-02-16T15:04:05+0700]  |  code generation works best with the   | 
[2025-02-16T15:04:05+0700]  |     JIT plugin, which you are not      | 
[2025-02-16T15:04:05+0700]  |     currently using.  Get it here:     | 
[2025-02-16T15:04:05+0700]  |                                        | 
[2025-02-16T15:04:05+0700]  |       https://git.io/jit-plugin        | 
[2025-02-16T15:04:05+0700]  |                                        | 
[2025-02-16T15:04:05+0700]  |             Please wait...             | 
[2025-02-16T15:04:05+0700]  |                                        | 
[2025-02-16T15:04:05+0700]  |             Done in 102ms!             | 
[2025-02-16T15:04:05+0700]  |                                        | 
[2025-02-16T15:04:05+0700]  ========================================== 
[2025-02-16T15:04:05+0700]  |                                        | 
[2025-02-16T15:04:05+0700]  | Server:      open.mp 1.4.0.2783 (W)    | 
[2025-02-16T15:04:05+0700]  | Started:     16 Feb 2025 - 15:04:05    | 
[2025-02-16T15:04:05+0700]  |                                        | 
[2025-02-16T15:04:05+0700]  | Compiler:    3.10.11 (Windows)         | 
[2025-02-16T15:04:05+0700]  | Includes:    open.mp v037030           | 
[2025-02-16T15:04:05+0700]  | Codepage:    <none>                    | 
[2025-02-16T15:04:05+0700]  | Built:       16 Feb 2025 - 15:03:22    | 
[2025-02-16T15:04:05+0700]  |                                        | 
[2025-02-16T15:04:05+0700]  | YSI:         v05.10.0006               | 
[2025-02-16T15:04:05+0700]  | Master:      -1                        | 
[2025-02-16T15:04:05+0700]  |                                        | 
[2025-02-16T15:04:05+0700]  | JIT:         <none>                    | 
[2025-02-16T15:04:05+0700]  | Crashdetect: <warning>                 | 
[2025-02-16T15:04:05+0700]  |                                        | 
[2025-02-16T15:04:05+0700]  |   Crashdetect has been found, but may  | 
[2025-02-16T15:04:05+0700]  |   need updating.  Get the unofficial   | 
[2025-02-16T15:04:05+0700]  |           fixed release from:          | 
[2025-02-16T15:04:05+0700]  |                                        | 
[2025-02-16T15:04:05+0700]  |           github.com/Y-Less/           | 
[2025-02-16T15:04:05+0700]  |        samp-plugin-crashdetect/        | 
[2025-02-16T15:04:05+0700]  |                                        | 
[2025-02-16T15:04:05+0700]  |                                        | 
[2025-02-16T15:04:05+0700]  ========================================== 
[2025-02-16T15:04:05+0700]  
[2025-02-16T15:04:05+0700]  
[2025-02-16T15:04:05+0700] MySQL Connection successfully estabilished
[2025-02-16T15:04:05+0700] [ADM] Info: Load EVF v3.2.3 for SA:MP 0.3.7 by Abyss Morgan
[2025-02-16T15:04:05+0700] Legacy Network started on port 7777
[2025-02-16T15:04:06+0700] Couldn't announce legacy network to open.mp list.
[2025-02-16T15:04:06+0700] 	 Status: 406
[2025-02-16T15:04:06+0700] 	 Message: {"error":"failed to query server: failed to read response: read udp 172.19.131.234:48884-\u003e103.176.94.251:7777: read: connection refused"}
[2025-02-16T15:04:06+0700] This won't affect the server's behaviour.
[2025-02-16T15:04:27+0700] [connection] incoming connection: 127.0.0.1:51704 id: 0
[2025-02-16T15:04:27+0700] [join] Akenno has joined the server (0:127.0.0.1)
[2025-02-16T15:06:21+0700] String formatted incorrectly - parameter: 7, total: 6, format: UPDATE Players SET HbeMode='%d', Hunger='%d', Thirsty='%d' WHERE PlayerName='%s'
[2025-02-16T15:06:21+0700] Insufficient specifiers given to `format`: "UPDATE Players SET HbeMode='%d', Hunger='%d', Thirsty='%d' WHERE PlayerName='%s'" < 3
[2025-02-16T15:06:21+0700] [part] Alex_Wood has left the server (0:1)
[2025-02-16T15:15:28+0700] [Pawn.RakNet] plugin unloaded
[2025-02-16T15:15:28+0700] [Pawn.CMD] plugin unloaded
[2025-02-16T15:15:28+0700] [ADM] Info: Unload EVF v3.2.3 for SA:MP 0.3.7 by Abyss Morgan
[2025-02-16T15:15:28+0700] AC-Black Diamond has been unloaded! Anticheat callbacks will not work
[2025-02-16T15:15:28+0700] 

*** Streamer Plugin v2.9.6 by Incognito unloaded ***

[2025-02-16T15:15:28+0700] plugin.mysql: Unloading plugin...
Starting open.mp server (1.4.0.2783) from commit 601de2e1c8da86ff7979821a82bce20568d547dc
Loading component Actors.dll
	Successfully loaded component Actors (1.4.0.2783) with UID c81ca021eae2ad5c
Loading component Checkpoints.dll
	Successfully loaded component Checkpoints (1.4.0.2783) with UID 44a937350d611dde
Loading component Classes.dll
	Successfully loaded component Classes (1.4.0.2783) with UID 8cfb3183976da208
Loading component Console.dll
	Successfully loaded component Console (1.4.0.2783) with UID bfa24e49d0c95ee4
Loading component CustomModels.dll
	Successfully loaded component CustomModels (1.4.0.2783) with UID 15e3cb1e7c77ffff
Loading component Databases.dll
	Successfully loaded component Databases (1.4.0.2783) with UID 80092e7eb5821a96
Loading component Dialogs.dll
	Successfully loaded component Dialogs (1.4.0.2783) with UID 44a111350d611dde
Loading component GangZones.dll
	Successfully loaded component GangZones (1.4.0.2783) with UID b3351d11ee8d8056
Loading component LegacyConfig.dll
	Successfully loaded component LegacyConfig (1.4.0.2783) with UID 24ef6216838f9ffc
Loading component LegacyNetwork.dll
	Successfully loaded component RakNetLegacyNetwork (1.4.0.2783) with UID ea9799fd79cf8442
Loading component Menus.dll
	Successfully loaded component Menus (1.4.0.2783) with UID 621e219eb97ee0b2
Loading component Objects.dll
	Successfully loaded component Objects (1.4.0.2783) with UID 59f8415f72da6160
Loading component Pawn.dll
	Successfully loaded component Pawn (1.4.0.2783) with UID 78906cd9f19c36a6
Loading component pawncmd.dll
	Successfully loaded component Pawn.CMD (0.3.4.0) with UID a03b47c907a96c29
Loading component pawnraknet.dll
	Successfully loaded component Pawn.RakNet (0.1.6.0) with UID 4a8b15c16d23e42f
Loading component Pickups.dll
	Successfully loaded component Pickups (1.4.0.2783) with UID cf304faa363dd971
Loading component Recordings.dll
	Successfully loaded component Recordings (1.4.0.2783) with UID 871144d399f5f613
Loading component sscanf.dll
	Successfully loaded component sscanf (2.13.8.0) with UID a1e7c01e55caa1f2
Loading component TextDraws.dll
	Successfully loaded component TextDraws (1.4.0.2783) with UID 9b5dc2b1d15c992a
Loading component TextLabels.dll
	Successfully loaded component TextLabels (1.4.0.2783) with UID a0c57ea80a009742
Loading component Timers.dll
	Successfully loaded component Timers (1.4.0.2783) with UID 2ad8124c5ea257a3
Loading component Variables.dll
	Successfully loaded component Variables (1.4.0.2783) with UID 75e121848bc01fa2
Loading component Vehicles.dll
	Successfully loaded component Vehicles (1.4.0.2783) with UID 3f1f62ee9e22ab19
Loaded 23 component(s) from E:\Althea Project\components
[2025-02-16T15:16:45+0700] [artwork:info] Loading artconfig.txt
[2025-02-16T15:16:45+0700] No bind address provided. Attempting to start webserver on 127.0.0.1:7777
[2025-02-16T15:16:45+0700] Web server is running on http://127.0.0.1:7777/
[2025-02-16T15:16:45+0700] 
[2025-02-16T15:16:45+0700]  ===============================
[2025-02-16T15:16:45+0700] 
[2025-02-16T15:16:45+0700]      sscanf component loaded.   
[2025-02-16T15:16:45+0700] 
[2025-02-16T15:16:45+0700]          Version: 2.13.8
[2025-02-16T15:16:45+0700] 
[2025-02-16T15:16:45+0700]    (c) 2022 Alex "Y_Less" Cole  
[2025-02-16T15:16:45+0700] 
[2025-02-16T15:16:45+0700]  ===============================
[2025-02-16T15:16:45+0700] 
[2025-02-16T15:16:45+0700] [Pawn.RakNet] plugin v1.6.0 loading...
[2025-02-16T15:16:45+0700] [Pawn.RakNet] 

    | Pawn.RakNet 1.6.0 | open.mp | 2016 - 2023
    |--------------------------------------------
    | Author and maintainer: katursis


    | Compiled: Feb 12 2023 at 16:51:14
    |--------------------------------------------------------------
    | Repository: https://github.com/katursis/Pawn.RakNet/tree/omp
    |--------------------------------------------------------------
    | Wiki: https://github.com/katursis/Pawn.RakNet/wiki

[2025-02-16T15:16:45+0700] [Pawn.CMD] plugin v3.4.0 loading...
[2025-02-16T15:16:45+0700] [Pawn.CMD] 

    | Pawn.CMD 3.4.0 | open.mp | 2016 - 2023
    |-----------------------------------------
    | Author and maintainer: katursis


    | Compiled: Feb 12 2023 at 17:25:09
    |----------------------------------------------------------
    | Repository: https://github.com/katursis/Pawn.CMD/tree/omp

[2025-02-16T15:16:45+0700] Loading plugin: crashdetect
[2025-02-16T15:16:45+0700]   CrashDetect plugin 4.19.4
[2025-02-16T15:16:45+0700] Loading plugin: mysql
[2025-02-16T15:16:45+0700]  >> plugin.mysql: R41-4 successfully loaded.
[2025-02-16T15:16:45+0700] Loading plugin: streamer
[2025-02-16T15:16:45+0700] 

*** Streamer Plugin v2.9.6 by Incognito loaded ***

[2025-02-16T15:16:45+0700] Loading plugin: samp_bcrypt
[2025-02-16T15:16:45+0700] [SampBcrypt] [info]: Version: 0.4.1
[2025-02-16T15:16:45+0700] Loading plugin: pawn-memory
[2025-02-16T15:16:45+0700] ========================
[2025-02-16T15:16:45+0700] = Memory access plugin =
[2025-02-16T15:16:45+0700] =       Made by BigETI =
[2025-02-16T15:16:45+0700] = Loaded!              =
[2025-02-16T15:16:45+0700] ========================
[2025-02-16T15:16:46+0700] AC-Black Diamond v2.1.0-omp has been loaded! Anticheat callbacks will now work properly
[2025-02-16T15:16:46+0700] --------------------------------------------------
[2025-02-16T15:16:46+0700] 	
[2025-02-16T15:16:46+0700] 	
[2025-02-16T15:16:46+0700] 	 AntyCheat 2.2 by Pevenaider loaded			 
[2025-02-16T15:16:46+0700] 	
[2025-02-16T15:16:46+0700] 	
[2025-02-16T15:16:46+0700] --------------------------------------------------
[2025-02-16T15:16:47+0700]  
[2025-02-16T15:16:47+0700]  
[2025-02-16T15:16:47+0700]          ==============================================================
[2025-02-16T15:16:47+0700]          |                                                            |
[2025-02-16T15:16:47+0700]          |                                                            |
[2025-02-16T15:16:47+0700]          |    YYYYYYY       YYYYYYY    SSSSSSSSSSSSSSS  IIIIIIIIII    |
[2025-02-16T15:16:47+0700]          |    Y:::::Y       Y:::::Y  SS:::::::::::::::S I::::::::I    |
[2025-02-16T15:16:47+0700]          |    Y:::::Y       Y:::::Y S:::::SSSSSS::::::S I::::::::I    |
[2025-02-16T15:16:47+0700]          |    Y::::::Y     Y::::::Y S:::::S     SSSSSSS II::::::II    |
[2025-02-16T15:16:47+0700]          |    YYY:::::Y   Y:::::YYY S:::::S               I::::I      |
[2025-02-16T15:16:47+0700]          |       Y:::::Y Y:::::Y    S:::::S               I::::I      |
[2025-02-16T15:16:47+0700]          |        Y:::::Y:::::Y      S::::SSSS            I::::I      |
[2025-02-16T15:16:47+0700]          |         Y:::::::::Y        SS::::::SSSSS       I::::I      |
[2025-02-16T15:16:47+0700]          |          Y:::::::Y           SSS::::::::SS     I::::I      |
[2025-02-16T15:16:47+0700]          |           Y:::::Y               SSSSSS::::S    I::::I      |
[2025-02-16T15:16:47+0700]          |           Y:::::Y                    S:::::S   I::::I      |
[2025-02-16T15:16:47+0700]          |           Y:::::Y                    S:::::S   I::::I      |
[2025-02-16T15:16:47+0700]          |           Y:::::Y        SSSSSSS     S:::::S II::::::II    |
[2025-02-16T15:16:47+0700]          |        YYYY:::::YYYY     S::::::SSSSSS:::::S I::::::::I    |
[2025-02-16T15:16:47+0700]          |        Y:::::::::::Y     S:::::::::::::::SS  I::::::::I    |
[2025-02-16T15:16:47+0700]          |        YYYYYYYYYYYYY      SSSSSSSSSSSSSSS    IIIIIIIIII    |
[2025-02-16T15:16:47+0700]          |                                                            |
[2025-02-16T15:16:47+0700]          |                                                            |
[2025-02-16T15:16:47+0700]          |                      (c) 2021 MPL v1.1                     |
[2025-02-16T15:16:47+0700]          |            Alex "Y_Less" Cole and contributors.            |
[2025-02-16T15:16:47+0700]          |                                                            |
[2025-02-16T15:16:47+0700]          |                                                            |
[2025-02-16T15:16:47+0700]          ==============================================================
[2025-02-16T15:16:47+0700]  
[2025-02-16T15:16:47+0700]  
[2025-02-16T15:16:47+0700]  ========================================== 
[2025-02-16T15:16:47+0700]  |                                        | 
[2025-02-16T15:16:47+0700]  |   Generating code, this may take a     | 
[2025-02-16T15:16:47+0700]  |  little bit of time.  Note that this   | 
[2025-02-16T15:16:47+0700]  |  code generation works best with the   | 
[2025-02-16T15:16:47+0700]  |     JIT plugin, which you are not      | 
[2025-02-16T15:16:47+0700]  |     currently using.  Get it here:     | 
[2025-02-16T15:16:47+0700]  |                                        | 
[2025-02-16T15:16:47+0700]  |       https://git.io/jit-plugin        | 
[2025-02-16T15:16:47+0700]  |                                        | 
[2025-02-16T15:16:47+0700]  |             Please wait...             | 
[2025-02-16T15:16:47+0700]  |                                        | 
[2025-02-16T15:16:47+0700]  |             Done in 102ms!             | 
[2025-02-16T15:16:47+0700]  |                                        | 
[2025-02-16T15:16:47+0700]  ========================================== 
[2025-02-16T15:16:47+0700]  |                                        | 
[2025-02-16T15:16:47+0700]  | Server:      open.mp 1.4.0.2783 (W)    | 
[2025-02-16T15:16:47+0700]  | Started:     16 Feb 2025 - 15:16:47    | 
[2025-02-16T15:16:47+0700]  |                                        | 
[2025-02-16T15:16:47+0700]  | Compiler:    3.10.11 (Windows)         | 
[2025-02-16T15:16:47+0700]  | Includes:    open.mp v037030           | 
[2025-02-16T15:16:47+0700]  | Codepage:    <none>                    | 
[2025-02-16T15:16:47+0700]  | Built:       16 Feb 2025 - 15:16:19    | 
[2025-02-16T15:16:47+0700]  |                                        | 
[2025-02-16T15:16:47+0700]  | YSI:         v05.10.0006               | 
[2025-02-16T15:16:47+0700]  | Master:      -1                        | 
[2025-02-16T15:16:47+0700]  |                                        | 
[2025-02-16T15:16:47+0700]  | JIT:         <none>                    | 
[2025-02-16T15:16:47+0700]  | Crashdetect: <warning>                 | 
[2025-02-16T15:16:47+0700]  |                                        | 
[2025-02-16T15:16:47+0700]  |   Crashdetect has been found, but may  | 
[2025-02-16T15:16:47+0700]  |   need updating.  Get the unofficial   | 
[2025-02-16T15:16:47+0700]  |           fixed release from:          | 
[2025-02-16T15:16:47+0700]  |                                        | 
[2025-02-16T15:16:47+0700]  |           github.com/Y-Less/           | 
[2025-02-16T15:16:47+0700]  |        samp-plugin-crashdetect/        | 
[2025-02-16T15:16:48+0700]  |                                        | 
[2025-02-16T15:16:48+0700]  |                                        | 
[2025-02-16T15:16:48+0700]  ========================================== 
[2025-02-16T15:16:48+0700]  
[2025-02-16T15:16:48+0700]  
[2025-02-16T15:16:48+0700] MySQL Connection successfully estabilished
[2025-02-16T15:16:48+0700] [ADM] Info: Load EVF v3.2.3 for SA:MP 0.3.7 by Abyss Morgan
[2025-02-16T15:16:48+0700] Legacy Network started on port 7777
[2025-02-16T15:16:48+0700] Couldn't announce legacy network to open.mp list.
[2025-02-16T15:16:48+0700] 	 Status: 406
[2025-02-16T15:16:48+0700] 	 Message: {"error":"failed to query server: failed to read response: read udp 172.19.131.234:58785-\u003e103.176.94.251:7777: read: connection refused"}
[2025-02-16T15:16:48+0700] This won't affect the server's behaviour.
[2025-02-16T15:17:06+0700] [connection] incoming connection: 127.0.0.1:60921 id: 0
[2025-02-16T15:17:06+0700] [join] Akenno has joined the server (0:127.0.0.1)
[2025-02-16T15:19:23+0700] [part] Alex_Wood has left the server (0:1)
[2025-02-16T15:19:29+0700] [Pawn.RakNet] plugin unloaded
[2025-02-16T15:19:29+0700] [Pawn.CMD] plugin unloaded
[2025-02-16T15:19:29+0700] [ADM] Info: Unload EVF v3.2.3 for SA:MP 0.3.7 by Abyss Morgan
[2025-02-16T15:19:29+0700] AC-Black Diamond has been unloaded! Anticheat callbacks will not work
[2025-02-16T15:19:29+0700] 

*** Streamer Plugin v2.9.6 by Incognito unloaded ***

[2025-02-16T15:19:29+0700] plugin.mysql: Unloading plugin...
